<?xml version="1.0" encoding="UTF-8"?>
<!-- Generated by org.testng.reporters.JUnitXMLReporter -->
<testsuite ignored="0" hostname="Manul-W" failures="1" tests="3" name="Test" time="19.633" errors="0" timestamp="2021-07-06T04:45:01 IST">
  <testcase classname="extentReports.GenerateExtentReport" name="test1" time="6.315"/>
  <testcase classname="extentReports.GenerateExtentReport" name="test2" time="13.201"/>
  <testcase classname="extentReports.GenerateExtentReport" name="test3" time="0.006">
    <failure type="java.lang.AssertionError" message="expected [true] but found [false]">
      <![CDATA[java.lang.AssertionError: expected [true] but found [false]
at extentReports.GenerateExtentReport.test3(GenerateExtentReport.java:130)
at java.base/java.util.ArrayList.forEach(ArrayList.java:1511)
... Removed 31 stack frames]]>
    </failure>
  </testcase> <!-- test3 -->
</testsuite> <!-- Test -->
