<?xml version="1.0" encoding="UTF-8"?>
<testng-results ignored="0" total="3" passed="2" failed="1" skipped="0">
  <reporter-output>
  </reporter-output>
  <suite started-at="2021-07-06T04:44:41 IST" name="Suite" finished-at="2021-07-06T04:45:01 IST" duration-ms="19633">
    <groups>
    </groups>
    <test started-at="2021-07-06T04:44:41 IST" name="Test" finished-at="2021-07-06T04:45:01 IST" duration-ms="19633">
      <class name="extentReports.GenerateExtentReport">
        <test-method is-config="true" signature="setup()[pri:0, instance:extentReports.GenerateExtentReport@67a20f67]" started-at="2021-07-06T04:44:38 IST" name="setup" finished-at="2021-07-06T04:44:41 IST" duration-ms="3265" status="PASS">
          <reporter-output>
          </reporter-output>
        </test-method> <!-- setup -->
        <test-method signature="test1()[pri:0, instance:extentReports.GenerateExtentReport@67a20f67]" started-at="2021-07-06T04:44:41 IST" name="test1" finished-at="2021-07-06T04:44:47 IST" duration-ms="6315" status="PASS">
          <reporter-output>
          </reporter-output>
        </test-method> <!-- test1 -->
        <test-method is-config="true" signature="getResult(org.testng.ITestResult)[pri:0, instance:extentReports.GenerateExtentReport@67a20f67]" started-at="2021-07-06T04:44:47 IST" name="getResult" finished-at="2021-07-06T04:44:47 IST" duration-ms="3" status="PASS">
          <params>
            <param index="0">
              <value>
                <![CDATA[[TestResult name=test1 status=SUCCESS method=GenerateExtentReport.test1()[pri:0, instance:extentReports.GenerateExtentReport@67a20f67] output={null}]]]>
              </value>
            </param>
          </params>
          <reporter-output>
          </reporter-output>
        </test-method> <!-- getResult -->
        <test-method signature="test2()[pri:1, instance:extentReports.GenerateExtentReport@67a20f67]" started-at="2021-07-06T04:44:47 IST" name="test2" finished-at="2021-07-06T04:45:01 IST" duration-ms="13201" status="PASS">
          <reporter-output>
          </reporter-output>
        </test-method> <!-- test2 -->
        <test-method is-config="true" signature="getResult(org.testng.ITestResult)[pri:0, instance:extentReports.GenerateExtentReport@67a20f67]" started-at="2021-07-06T04:45:01 IST" name="getResult" finished-at="2021-07-06T04:45:01 IST" duration-ms="0" status="PASS">
          <params>
            <param index="0">
              <value>
                <![CDATA[[TestResult name=test2 status=SUCCESS method=GenerateExtentReport.test2()[pri:1, instance:extentReports.GenerateExtentReport@67a20f67] output={null}]]]>
              </value>
            </param>
          </params>
          <reporter-output>
          </reporter-output>
        </test-method> <!-- getResult -->
        <test-method signature="test3()[pri:2, instance:extentReports.GenerateExtentReport@67a20f67]" started-at="2021-07-06T04:45:01 IST" name="test3" finished-at="2021-07-06T04:45:01 IST" duration-ms="6" status="FAIL">
          <exception class="java.lang.AssertionError">
            <message>
              <![CDATA[expected [true] but found [false]]]>
            </message>
            <full-stacktrace>
              <![CDATA[java.lang.AssertionError: expected [true] but found [false]
at org.testng.Assert.fail(Assert.java:99)
at org.testng.Assert.failNotEquals(Assert.java:1037)
at org.testng.Assert.assertTrue(Assert.java:45)
at org.testng.Assert.assertTrue(Assert.java:55)
at extentReports.GenerateExtentReport.test3(GenerateExtentReport.java:130)
at java.base/jdk.internal.reflect.NativeMethodAccessorImpl.invoke0(Native Method)
at java.base/jdk.internal.reflect.NativeMethodAccessorImpl.invoke(NativeMethodAccessorImpl.java:78)
at java.base/jdk.internal.reflect.DelegatingMethodAccessorImpl.invoke(DelegatingMethodAccessorImpl.java:43)
at java.base/java.lang.reflect.Method.invoke(Method.java:567)
at org.testng.internal.MethodInvocationHelper.invokeMethod(MethodInvocationHelper.java:133)
at org.testng.internal.TestInvoker.invokeMethod(TestInvoker.java:598)
at org.testng.internal.TestInvoker.invokeTestMethod(TestInvoker.java:173)
at org.testng.internal.MethodRunner.runInSequence(MethodRunner.java:46)
at org.testng.internal.TestInvoker$MethodInvocationAgent.invoke(TestInvoker.java:824)
at org.testng.internal.TestInvoker.invokeTestMethods(TestInvoker.java:146)
at org.testng.internal.TestMethodWorker.invokeTestMethods(TestMethodWorker.java:146)
at org.testng.internal.TestMethodWorker.run(TestMethodWorker.java:128)
at java.base/java.util.ArrayList.forEach(ArrayList.java:1511)
at org.testng.TestRunner.privateRun(TestRunner.java:794)
at org.testng.TestRunner.run(TestRunner.java:596)
at org.testng.SuiteRunner.runTest(SuiteRunner.java:377)
at org.testng.SuiteRunner.runSequentially(SuiteRunner.java:371)
at org.testng.SuiteRunner.privateRun(SuiteRunner.java:332)
at org.testng.SuiteRunner.run(SuiteRunner.java:276)
at org.testng.SuiteRunnerWorker.runSuite(SuiteRunnerWorker.java:53)
at org.testng.SuiteRunnerWorker.run(SuiteRunnerWorker.java:96)
at org.testng.TestNG.runSuitesSequentially(TestNG.java:1212)
at org.testng.TestNG.runSuitesLocally(TestNG.java:1134)
at org.testng.TestNG.runSuites(TestNG.java:1063)
at org.testng.TestNG.run(TestNG.java:1031)
at org.testng.remote.AbstractRemoteTestNG.run(AbstractRemoteTestNG.java:115)
at org.testng.remote.RemoteTestNG.initAndRun(RemoteTestNG.java:251)
at org.testng.remote.RemoteTestNG.main(RemoteTestNG.java:77)
]]>
            </full-stacktrace>
          </exception> <!-- java.lang.AssertionError -->
          <reporter-output>
          </reporter-output>
        </test-method> <!-- test3 -->
        <test-method is-config="true" signature="getResult(org.testng.ITestResult)[pri:0, instance:extentReports.GenerateExtentReport@67a20f67]" started-at="2021-07-06T04:45:01 IST" name="getResult" finished-at="2021-07-06T04:45:01 IST" duration-ms="7" status="PASS">
          <params>
            <param index="0">
              <value>
                <![CDATA[[TestResult name=test3 status=FAILURE method=GenerateExtentReport.test3()[pri:2, instance:extentReports.GenerateExtentReport@67a20f67] output={null}]]]>
              </value>
            </param>
          </params>
          <reporter-output>
          </reporter-output>
        </test-method> <!-- getResult -->
        <test-method is-config="true" signature="tearDown()[pri:0, instance:extentReports.GenerateExtentReport@67a20f67]" started-at="2021-07-06T04:45:01 IST" name="tearDown" finished-at="2021-07-06T04:45:02 IST" duration-ms="1332" status="PASS">
          <reporter-output>
          </reporter-output>
        </test-method> <!-- tearDown -->
      </class> <!-- extentReports.GenerateExtentReport -->
    </test> <!-- Test -->
  </suite> <!-- Suite -->
</testng-results>
